<?xml version="1.0" encoding="UTF-8"?>
<!-- Generated by org.testng.reporters.JUnitReportReporter -->
<testsuite name="testcases.TC001" tests="1" time="23.405" ignored="0" failures="0" timestamp="03 May 2021 12:17:27 GMT" skipped="0" hostname="Leena-PC" errors="0">
  <testcase name="test" time="23.405" classname="testcases.TC001"/>
</testsuite> <!-- testcases.TC001 -->
